
Circuit 1 cell sky130_fd_pr__pfet_01v8 and Circuit 2 cell sky130_fd_pr__pfet_01v8 are black boxes.
Warning: Equate pins:  cell sky130_fd_pr__pfet_01v8 is a placeholder, treated as a black box.
Warning: Equate pins:  cell sky130_fd_pr__pfet_01v8 is a placeholder, treated as a black box.

Subcircuit pins:
Circuit 1: sky130_fd_pr__pfet_01v8         |Circuit 2: sky130_fd_pr__pfet_01v8         
-------------------------------------------|-------------------------------------------
1                                          |1                                          
2                                          |2                                          
3                                          |3                                          
4                                          |4                                          
---------------------------------------------------------------------------------------
Cell pin lists are equivalent.
Device classes sky130_fd_pr__pfet_01v8 and sky130_fd_pr__pfet_01v8 are equivalent.

Circuit 1 cell sky130_fd_pr__nfet_01v8 and Circuit 2 cell sky130_fd_pr__nfet_01v8 are black boxes.
Warning: Equate pins:  cell sky130_fd_pr__nfet_01v8 is a placeholder, treated as a black box.
Warning: Equate pins:  cell sky130_fd_pr__nfet_01v8 is a placeholder, treated as a black box.

Subcircuit pins:
Circuit 1: sky130_fd_pr__nfet_01v8         |Circuit 2: sky130_fd_pr__nfet_01v8         
-------------------------------------------|-------------------------------------------
1                                          |1                                          
2                                          |2                                          
3                                          |3                                          
4                                          |4                                          
---------------------------------------------------------------------------------------
Cell pin lists are equivalent.
Device classes sky130_fd_pr__nfet_01v8 and sky130_fd_pr__nfet_01v8 are equivalent.

Circuit 1 cell sky130_fd_pr__cap_mim_m3_1 and Circuit 2 cell sky130_fd_pr__cap_mim_m3_1 are black boxes.
Warning: Equate pins:  cell sky130_fd_pr__cap_mim_m3_1 is a placeholder, treated as a black box.
Warning: Equate pins:  cell sky130_fd_pr__cap_mim_m3_1 is a placeholder, treated as a black box.

Subcircuit pins:
Circuit 1: sky130_fd_pr__cap_mim_m3_1      |Circuit 2: sky130_fd_pr__cap_mim_m3_1      
-------------------------------------------|-------------------------------------------
1                                          |1                                          
2                                          |2                                          
---------------------------------------------------------------------------------------
Cell pin lists are equivalent.
Device classes sky130_fd_pr__cap_mim_m3_1 and sky130_fd_pr__cap_mim_m3_1 are equivalent.
Flattening unmatched subcell sky130_fd_pr__res_high_po_2p85_RN83L8 in circuit TIA (0)(1 instance)
Flattening unmatched subcell sky130_fd_pr__nfet_01v8_UPGCN9 in circuit TIA (0)(1 instance)
Flattening unmatched subcell sky130_fd_pr__res_high_po_2p85_BNWAAK in circuit TIA (0)(1 instance)
Flattening unmatched subcell sky130_fd_pr__nfet_01v8_LNQ4EK in circuit TIA (0)(1 instance)
Flattening unmatched subcell sky130_fd_pr__res_high_po_2p85_ZJW47V in circuit TIA (0)(1 instance)
Flattening unmatched subcell sky130_fd_pr__res_high_po_2p85_6SZAMJ in circuit TIA (0)(2 instances)
Flattening unmatched subcell opamp_v1 in circuit TIA (0)(2 instances)
Flattening unmatched subcell sky130_fd_pr__pfet_01v8_YT7TV5 in circuit TIA (0)(6 instances)
Flattening unmatched subcell sky130_fd_pr__nfet_01v8_8HUREQ in circuit TIA (0)(4 instances)
Flattening unmatched subcell sky130_fd_pr__cap_mim_m3_1_BLS9H9 in circuit TIA (0)(12 instances)
Flattening unmatched subcell sky130_fd_pr__pfet_01v8_YC9MKB in circuit TIA (0)(6 instances)
Flattening unmatched subcell sky130_fd_pr__nfet_01v8_GQFJAV in circuit TIA (0)(12 instances)
Flattening unmatched subcell sky130_fd_pr__pfet_01v8_YCMRKB in circuit TIA (0)(8 instances)
Flattening unmatched subcell sky130_fd_pr__nfet_01v8_8JUMX6 in circuit TIA (0)(2 instances)
Flattening unmatched subcell opamp_sky130 in circuit TIA (1)(2 instances)

Class TIA (0):  Merged 1619 parallel devices.
Class TIA (1):  Merged 1 parallel devices.
Subcircuit summary:
Circuit 1: TIA                             |Circuit 2: TIA                             
-------------------------------------------|-------------------------------------------
sky130_fd_pr__res_high_po (5)              |(no matching element)                      
sky130_fd_pr__nfet_01v8 (438->10)          |sky130_fd_pr__nfet_01v8 (434->10)          
sky130_fd_pr__pfet_01v8 (1190->9)          |sky130_fd_pr__pfet_01v8 (1190->9)          
sky130_fd_pr__cap_mim_m3_1 (12->2)         |sky130_fd_pr__cap_mim_m3_1 (12->2)         
(no matching element)                      |sky130_fd_pr__res_high_po_2p85 (5)         
Number of devices: 26                      |Number of devices: 26                      
Number of nets: 18                         |Number of nets: 18                         
---------------------------------------------------------------------------------------
NET mismatches: Class fragments follow (with fanout counts):
Circuit 1: TIA                             |Circuit 2: TIA                             

---------------------------------------------------------------------------------------
Net: vdd                                   |Net: vdd                                   
  sky130_fd_pr__res_high_po/(1|2) = 1      |  sky130_fd_pr__res_high_po_2p85/(1|2) = 1 
  sky130_fd_pr__pfet_01v8/(1|3) = 5        |  sky130_fd_pr__pfet_01v8/(1|3) = 5        
  sky130_fd_pr__pfet_01v8/4 = 5            |  sky130_fd_pr__pfet_01v8/4 = 5            
  sky130_fd_pr__nfet_01v8/2 = 2            |  sky130_fd_pr__nfet_01v8/2 = 2            
---------------------------------------------------------------------------------------

---------------------------------------------------------------------------------------
Net: iref                                  |Net: net1                                  
  sky130_fd_pr__nfet_01v8/(1|3) = 1        |  sky130_fd_pr__nfet_01v8/(1|3) = 1        
  sky130_fd_pr__pfet_01v8/2 = 5            |  sky130_fd_pr__pfet_01v8/2 = 5            
  sky130_fd_pr__pfet_01v8/(1|3) = 1        |  sky130_fd_pr__pfet_01v8/(1|3) = 1        
---------------------------------------------------------------------------------------

---------------------------------------------------------------------------------------
Net: vss                                   |Net: vss                                   
  sky130_fd_pr__res_high_po/3 = 5          |  sky130_fd_pr__res_high_po_2p85/3 = 5     
  sky130_fd_pr__nfet_01v8/(1|3) = 8        |  sky130_fd_pr__nfet_01v8/(1|3) = 8        
  sky130_fd_pr__nfet_01v8/4 = 10           |  sky130_fd_pr__nfet_01v8/4 = 10           
---------------------------------------------------------------------------------------

---------------------------------------------------------------------------------------
Net: sky130_fd_pr__nfet_01v8_UPGCN9_0/G    |Net: net4                                  
  sky130_fd_pr__nfet_01v8/(1|3) = 1        |  sky130_fd_pr__nfet_01v8/(1|3) = 1        
  sky130_fd_pr__nfet_01v8/2 = 2            |  sky130_fd_pr__nfet_01v8/2 = 2            
  sky130_fd_pr__res_high_po/(1|2) = 1      |  sky130_fd_pr__res_high_po_2p85/(1|2) = 1 
---------------------------------------------------------------------------------------
DEVICE mismatches: Class fragments follow (with node fanout counts):
Circuit 1: TIA                             |Circuit 2: TIA                             

---------------------------------------------------------------------------------------
Instance: sky130_fd_pr__res_high_po_2p85_Z |Instance: sky130_fd_pr__res_high_po_2p85:R 
  (1,2) = (13,4)                           |  (1,2) = (13,4)                           
  3 = 23                                   |  3 = 23                                   
---------------------------------------------------------------------------------------
Netlists do not match.

Subcircuit pins:
Circuit 1: TIA                             |Circuit 2: TIA                             
-------------------------------------------|-------------------------------------------
Cell pin lists are equivalent.
Device classes TIA and TIA are equivalent.

Final result: Netlists do not match.
